<?xml version="1.0" encoding="UTF-8"?>
<!-- Generated by org.testng.reporters.JUnitReportReporter -->
<testsuite skipped="4" hostname="DESKTOP-NVBV0VI" name="com.youtube.testLayer.HomePageTest" tests="5" failures="0" timestamp="18 Jul 2021 08:18:23 GMT" time="0.002" errors="1">
  <testcase name="setUp" time="0.002" classname="com.youtube.testLayer.HomePageTest">
    <error type="java.lang.NoClassDefFoundError" message="org/openqa/selenium/remote/internal/ApacheHttpClient$Factory">
      <![CDATA[java.lang.NoClassDefFoundError: org/openqa/selenium/remote/internal/ApacheHttpClient$Factory
	at io.appium.java_client.remote.AppiumCommandExecutor.<init>(AppiumCommandExecutor.java:50)
	at io.appium.java_client.AppiumDriver.<init>(AppiumDriver.java:77)
	at io.appium.java_client.android.AndroidDriver.<init>(AndroidDriver.java:67)
	at com.youtube.base.TestBase.initialization(TestBase.java:87)
	at com.youtube.testLayer.HomePageTest.setUp(HomePageTest.java:40)
	at sun.reflect.NativeMethodAccessorImpl.invoke0(Native Method)
	at sun.reflect.NativeMethodAccessorImpl.invoke(Unknown Source)
	at sun.reflect.DelegatingMethodAccessorImpl.invoke(Unknown Source)
	at java.lang.reflect.Method.invoke(Unknown Source)
	at org.testng.internal.MethodInvocationHelper.invokeMethod(MethodInvocationHelper.java:108)
	at org.testng.internal.Invoker.invokeConfigurationMethod(Invoker.java:523)
	at org.testng.internal.Invoker.invokeConfigurations(Invoker.java:224)
	at org.testng.internal.Invoker.invokeMethod(Invoker.java:599)
	at org.testng.internal.Invoker.invokeTestMethod(Invoker.java:869)
	at org.testng.internal.Invoker.invokeTestMethods(Invoker.java:1193)
	at org.testng.internal.TestMethodWorker.invokeTestMethods(TestMethodWorker.java:126)
	at org.testng.internal.TestMethodWorker.run(TestMethodWorker.java:109)
	at org.testng.TestRunner.privateRun(TestRunner.java:744)
	at org.testng.TestRunner.run(TestRunner.java:602)
	at org.testng.SuiteRunner.runTest(SuiteRunner.java:380)
	at org.testng.SuiteRunner.runSequentially(SuiteRunner.java:375)
	at org.testng.SuiteRunner.privateRun(SuiteRunner.java:340)
	at org.testng.SuiteRunner.run(SuiteRunner.java:289)
	at org.testng.SuiteRunnerWorker.runSuite(SuiteRunnerWorker.java:52)
	at org.testng.SuiteRunnerWorker.run(SuiteRunnerWorker.java:86)
	at org.testng.TestNG.runSuitesSequentially(TestNG.java:1301)
	at org.testng.TestNG.runSuitesLocally(TestNG.java:1226)
	at org.testng.TestNG.runSuites(TestNG.java:1144)
	at org.testng.TestNG.run(TestNG.java:1115)
	at org.testng.remote.AbstractRemoteTestNG.run(AbstractRemoteTestNG.java:115)
	at org.testng.remote.RemoteTestNG.initAndRun(RemoteTestNG.java:251)
	at org.testng.remote.RemoteTestNG.main(RemoteTestNG.java:77)
]]>
    </error>
  </testcase> <!-- setUp -->
  <testcase name="playbackVideoTest" time="0.000" classname="com.youtube.testLayer.HomePageTest">
    <skipped/>
  </testcase> <!-- playbackVideoTest -->
  <testcase name="searchVideo" classname="com.youtube.testLayer.HomePageTest">
    <skipped/>
  </testcase> <!-- searchVideo -->
  <testcase name="LoginTest" classname="com.youtube.testLayer.HomePageTest">
    <skipped/>
  </testcase> <!-- LoginTest -->
  <testcase name="UploadVideoTest" classname="com.youtube.testLayer.HomePageTest">
    <skipped/>
  </testcase> <!-- UploadVideoTest -->
</testsuite> <!-- com.youtube.testLayer.HomePageTest -->
