<?xml version="1.0" encoding="UTF-8"?>
<!-- Generated by org.testng.reporters.JUnitReportReporter -->
<testsuite skipped="1" hostname="DESKTOP-NVBV0VI" name="com.youtube.testLayer.MobileTest" tests="2" failures="0" timestamp="2021-07-19T00:27:01 IST" time="40.963" errors="0">
  <testcase name="uploadVideo" time="40.963" classname="com.youtube.testLayer.MobileTest"/>
  <system-out/>
  <testcase name="searchVideo" classname="com.youtube.testLayer.MobileTest">
    <skipped/>
  </testcase> <!-- searchVideo -->
  <system-out/>
</testsuite> <!-- com.youtube.testLayer.MobileTest -->
