<?xml version="1.0" encoding="UTF-8"?>
<!-- Generated by org.testng.reporters.JUnitReportReporter -->
<testsuite skipped="0" hostname="DESKTOP-NVBV0VI" name="com.walletHub.Test.Test01" tests="1" failures="0" timestamp="31 May 2021 14:19:15 GMT" time="18.009" errors="0">
  <testcase name="initialization" time="18.009" classname="com.walletHub.Test.Test01"/>
</testsuite> <!-- com.walletHub.Test.Test01 -->
